This is pdfTeX, Version 3.14159265-2.6-1.40.17 (TeX Live 2016) (preloaded format=pdflatex 2017.2.10)  24 OCT 2017 10:32
entering extended mode
 restricted \write18 enabled.
 file:line:error style messages enabled.
 %&-line parsing enabled.
**Project1_PCSN.tex
(./Project1_PCSN.tex
LaTeX2e <2016/03/31>
Babel <3.9r> and hyphenation patterns for 83 language(s) loaded.
(/usr/local/texlive/2016/texmf-dist/tex/latex/base/article.cls
Document Class: article 2014/09/29 v1.4h Standard LaTeX document class
(/usr/local/texlive/2016/texmf-dist/tex/latex/base/size11.clo
File: size11.clo 2014/09/29 v1.4h Standard LaTeX file (size option)
)
\c@part=\count79
\c@section=\count80
\c@subsection=\count81
\c@subsubsection=\count82
\c@paragraph=\count83
\c@subparagraph=\count84
\c@figure=\count85
\c@table=\count86
\abovecaptionskip=\skip41
\belowcaptionskip=\skip42
\bibindent=\dimen102
)
(/usr/local/texlive/2016/texmf-dist/tex/latex/graphics/graphicx.sty
Package: graphicx 2014/10/28 v1.0g Enhanced LaTeX Graphics (DPC,SPQR)

(/usr/local/texlive/2016/texmf-dist/tex/latex/graphics/keyval.sty
Package: keyval 2014/10/28 v1.15 key=value parser (DPC)
\KV@toks@=\toks14
)
(/usr/local/texlive/2016/texmf-dist/tex/latex/graphics/graphics.sty
Package: graphics 2016/05/09 v1.0r Standard LaTeX Graphics (DPC,SPQR)

(/usr/local/texlive/2016/texmf-dist/tex/latex/graphics/trig.sty
Package: trig 2016/01/03 v1.10 sin cos tan (DPC)
)
(/usr/local/texlive/2016/texmf-dist/tex/latex/graphics-cfg/graphics.cfg
File: graphics.cfg 2016/01/02 v1.10 sample graphics configuration
)
Package graphics Info: Driver file: pdftex.def on input line 96.

(/usr/local/texlive/2016/texmf-dist/tex/latex/pdftex-def/pdftex.def
File: pdftex.def 2011/05/27 v0.06d Graphics/color for pdfTeX

(/usr/local/texlive/2016/texmf-dist/tex/generic/oberdiek/infwarerr.sty
Package: infwarerr 2016/05/16 v1.4 Providing info/warning/error messages (HO)
)
(/usr/local/texlive/2016/texmf-dist/tex/generic/oberdiek/ltxcmds.sty
Package: ltxcmds 2016/05/16 v1.23 LaTeX kernel commands for general use (HO)
)
\Gread@gobject=\count87
))
\Gin@req@height=\dimen103
\Gin@req@width=\dimen104
)
(./Project1_PCSN.aux)
\openout1 = `Project1_PCSN.aux'.

LaTeX Font Info:    Checking defaults for OML/cmm/m/it on input line 7.
LaTeX Font Info:    ... okay on input line 7.
LaTeX Font Info:    Checking defaults for T1/cmr/m/n on input line 7.
LaTeX Font Info:    ... okay on input line 7.
LaTeX Font Info:    Checking defaults for OT1/cmr/m/n on input line 7.
LaTeX Font Info:    ... okay on input line 7.
LaTeX Font Info:    Checking defaults for OMS/cmsy/m/n on input line 7.
LaTeX Font Info:    ... okay on input line 7.
LaTeX Font Info:    Checking defaults for OMX/cmex/m/n on input line 7.
LaTeX Font Info:    ... okay on input line 7.
LaTeX Font Info:    Checking defaults for U/cmr/m/n on input line 7.
LaTeX Font Info:    ... okay on input line 7.

(/usr/local/texlive/2016/texmf-dist/tex/context/base/mkii/supp-pdf.mkii
[Loading MPS to PDF converter (version 2006.09.02).]
\scratchcounter=\count88
\scratchdimen=\dimen105
\scratchbox=\box26
\nofMPsegments=\count89
\nofMParguments=\count90
\everyMPshowfont=\toks15
\MPscratchCnt=\count91
\MPscratchDim=\dimen106
\MPnumerator=\count92
\makeMPintoPDFobject=\count93
\everyMPtoPDFconversion=\toks16
) (/usr/local/texlive/2016/texmf-dist/tex/generic/oberdiek/pdftexcmds.sty
Package: pdftexcmds 2016/05/10 v0.21 Utility functions of pdfTeX for LuaTeX (HO
)

(/usr/local/texlive/2016/texmf-dist/tex/generic/oberdiek/ifluatex.sty
Package: ifluatex 2016/05/16 v1.4 Provides the ifluatex switch (HO)
Package ifluatex Info: LuaTeX not detected.
)
(/usr/local/texlive/2016/texmf-dist/tex/generic/oberdiek/ifpdf.sty
Package: ifpdf 2016/05/14 v3.1 Provides the ifpdf switch
)
Package pdftexcmds Info: LuaTeX not detected.
Package pdftexcmds Info: \pdf@primitive is available.
Package pdftexcmds Info: \pdf@ifprimitive is available.
Package pdftexcmds Info: \pdfdraftmode found.
)
(/usr/local/texlive/2016/texmf-dist/tex/latex/oberdiek/epstopdf-base.sty
Package: epstopdf-base 2016/05/15 v2.6 Base part for package epstopdf

(/usr/local/texlive/2016/texmf-dist/tex/latex/oberdiek/grfext.sty
Package: grfext 2016/05/16 v1.2 Manage graphics extensions (HO)

(/usr/local/texlive/2016/texmf-dist/tex/generic/oberdiek/kvdefinekeys.sty
Package: kvdefinekeys 2016/05/16 v1.4 Define keys (HO)
))
(/usr/local/texlive/2016/texmf-dist/tex/latex/oberdiek/kvoptions.sty
Package: kvoptions 2016/05/16 v3.12 Key value format for package options (HO)

(/usr/local/texlive/2016/texmf-dist/tex/generic/oberdiek/kvsetkeys.sty
Package: kvsetkeys 2016/05/16 v1.17 Key value parser (HO)

(/usr/local/texlive/2016/texmf-dist/tex/generic/oberdiek/etexcmds.sty
Package: etexcmds 2016/05/16 v1.6 Avoid name clashes with e-TeX commands (HO)
Package etexcmds Info: Could not find \expanded.
(etexcmds)             That can mean that you are not using pdfTeX 1.50 or
(etexcmds)             that some package has redefined \expanded.
(etexcmds)             In the latter case, load this package earlier.
)))
Package grfext Info: Graphics extension search list:
(grfext)             [.png,.pdf,.jpg,.mps,.jpeg,.jbig2,.jb2,.PNG,.PDF,.JPG,.JPE
G,.JBIG2,.JB2,.eps]
(grfext)             \AppendGraphicsExtensions on input line 456.

(/usr/local/texlive/2016/texmf-dist/tex/latex/latexconfig/epstopdf-sys.cfg
File: epstopdf-sys.cfg 2010/07/13 v1.3 Configuration of (r)epstopdf for TeX Liv
e
))
LaTeX Font Info:    External font `cmex10' loaded for size
(Font)              <12> on input line 8.
LaTeX Font Info:    External font `cmex10' loaded for size
(Font)              <8> on input line 8.
LaTeX Font Info:    External font `cmex10' loaded for size
(Font)              <6> on input line 8.

(./Project1_PCSN.toc
LaTeX Font Info:    External font `cmex10' loaded for size
(Font)              <10.95> on input line 8.
)
\tf@toc=\write3
\openout3 = `Project1_PCSN.toc'.

LaTeX Font Info:    Try loading font information for OMS+cmr on input line 16.

(/usr/local/texlive/2016/texmf-dist/tex/latex/base/omscmr.fd
File: omscmr.fd 2014/09/29 v2.5h Standard LaTeX font definitions
)
LaTeX Font Info:    Font shape `OMS/cmr/m/n' in size <10.95> not available
(Font)              Font shape `OMS/cmsy/m/n' tried instead on input line 16.
 [1

{/usr/local/texlive/2016/texmf-var/fonts/map/pdftex/updmap/pdftex.map}] [2] [3]

<ExpectedNumber_L10_K4_M2_U3.png, id=18, 462.528pt x 346.896pt>
File: ExpectedNumber_L10_K4_M2_U3.png Graphic file (type png)

<use ExpectedNumber_L10_K4_M2_U3.png>
Package pdftex.def Info: ExpectedNumber_L10_K4_M2_U3.png used on input line 96.

(pdftex.def)             Requested size: 462.52686pt x 346.89514pt.

<ExpectedTime_L10_K4_M2_U3.png, id=20, 462.528pt x 346.896pt>
File: ExpectedTime_L10_K4_M2_U3.png Graphic file (type png)

<use ExpectedTime_L10_K4_M2_U3.png>
Package pdftex.def Info: ExpectedTime_L10_K4_M2_U3.png used on input line 97.
(pdftex.def)             Requested size: 462.52686pt x 346.89514pt.

<BlockingProbability_L10_K4_M2_U3.png, id=21, 462.528pt x 346.896pt>
File: BlockingProbability_L10_K4_M2_U3.png Graphic file (type png)

<use BlockingProbability_L10_K4_M2_U3.png>
Package pdftex.def Info: BlockingProbability_L10_K4_M2_U3.png used on input lin
e 98.
(pdftex.def)             Requested size: 462.52686pt x 346.89514pt.

<Utilization_L10_K4_M2_U3.png, id=22, 462.528pt x 346.896pt>
File: Utilization_L10_K4_M2_U3.png Graphic file (type png)

<use Utilization_L10_K4_M2_U3.png>
Package pdftex.def Info: Utilization_L10_K4_M2_U3.png used on input line 99.
(pdftex.def)             Requested size: 462.52686pt x 346.89514pt.

Overfull \hbox (102.52686pt too wide) in paragraph at lines 96--100
[]
 []


Overfull \hbox (102.52686pt too wide) in paragraph at lines 96--100
[]
 []


Overfull \hbox (102.52686pt too wide) in paragraph at lines 96--100
[]
 []


Overfull \hbox (102.52686pt too wide) in paragraph at lines 96--100
[] 
 []

[4]
Overfull \vbox (174.79521pt too high) has occurred while \output is active []


[5 <./ExpectedNumber_L10_K4_M2_U3.png> <./ExpectedTime_L10_K4_M2_U3.png>]
[6 <./BlockingProbability_L10_K4_M2_U3.png>]
<ExpectedNumber_L1_K4_M2_U3.png, id=35, 462.528pt x 346.896pt>
File: ExpectedNumber_L1_K4_M2_U3.png Graphic file (type png)

<use ExpectedNumber_L1_K4_M2_U3.png>
Package pdftex.def Info: ExpectedNumber_L1_K4_M2_U3.png used on input line 102.

(pdftex.def)             Requested size: 462.52686pt x 346.89514pt.

<ExpectedTime_L1_K4_M2_U3.png, id=36, 462.528pt x 346.896pt>
File: ExpectedTime_L1_K4_M2_U3.png Graphic file (type png)

<use ExpectedTime_L1_K4_M2_U3.png>
Package pdftex.def Info: ExpectedTime_L1_K4_M2_U3.png used on input line 103.
(pdftex.def)             Requested size: 462.52686pt x 346.89514pt.

<BlockingProbability_L1_K4_M2_U3.png, id=37, 462.528pt x 346.896pt>
File: BlockingProbability_L1_K4_M2_U3.png Graphic file (type png)

<use BlockingProbability_L1_K4_M2_U3.png>
Package pdftex.def Info: BlockingProbability_L1_K4_M2_U3.png used on input line
 104.
(pdftex.def)             Requested size: 462.52686pt x 346.89514pt.

<Utilization_L1_K4_M2_U3.png, id=38, 462.528pt x 346.896pt>
File: Utilization_L1_K4_M2_U3.png Graphic file (type png)

<use Utilization_L1_K4_M2_U3.png>
Package pdftex.def Info: Utilization_L1_K4_M2_U3.png used on input line 105.
(pdftex.def)             Requested size: 462.52686pt x 346.89514pt.

Overfull \hbox (102.52686pt too wide) in paragraph at lines 102--106
[]
 []


Overfull \hbox (102.52686pt too wide) in paragraph at lines 102--106
[]
 []


Overfull \hbox (102.52686pt too wide) in paragraph at lines 102--106
[]
 []


Overfull \hbox (102.52686pt too wide) in paragraph at lines 102--106
[] 
 []

[7 <./Utilization_L10_K4_M2_U3.png>]
Overfull \vbox (174.79521pt too high) has occurred while \output is active []


[8 <./ExpectedNumber_L1_K4_M2_U3.png> <./ExpectedTime_L1_K4_M2_U3.png>]
[9 <./BlockingProbability_L1_K4_M2_U3.png>]
<ExpectedNumber_L10_K4_M4_U3.png, id=53, 462.528pt x 346.896pt>
File: ExpectedNumber_L10_K4_M4_U3.png Graphic file (type png)

<use ExpectedNumber_L10_K4_M4_U3.png>
Package pdftex.def Info: ExpectedNumber_L10_K4_M4_U3.png used on input line 110
.
(pdftex.def)             Requested size: 462.52686pt x 346.89514pt.

<ExpectedTime_L10_K4_M4_U3.png, id=54, 462.528pt x 346.896pt>
File: ExpectedTime_L10_K4_M4_U3.png Graphic file (type png)

<use ExpectedTime_L10_K4_M4_U3.png>
Package pdftex.def Info: ExpectedTime_L10_K4_M4_U3.png used on input line 111.
(pdftex.def)             Requested size: 462.52686pt x 346.89514pt.

<BlockingProbability_L10_K4_M4_U3.png, id=55, 462.528pt x 346.896pt>
File: BlockingProbability_L10_K4_M4_U3.png Graphic file (type png)

<use BlockingProbability_L10_K4_M4_U3.png>
Package pdftex.def Info: BlockingProbability_L10_K4_M4_U3.png used on input lin
e 112.
(pdftex.def)             Requested size: 462.52686pt x 346.89514pt.

<Utilization_L10_K4_M4_U3.png, id=56, 462.528pt x 346.896pt>
File: Utilization_L10_K4_M4_U3.png Graphic file (type png)

<use Utilization_L10_K4_M4_U3.png>
Package pdftex.def Info: Utilization_L10_K4_M4_U3.png used on input line 113.
(pdftex.def)             Requested size: 462.52686pt x 346.89514pt.

Overfull \hbox (102.52686pt too wide) in paragraph at lines 110--114
[]
 []


Overfull \hbox (102.52686pt too wide) in paragraph at lines 110--114
[]
 []


Overfull \hbox (102.52686pt too wide) in paragraph at lines 110--114
[]
 []


Overfull \hbox (102.52686pt too wide) in paragraph at lines 110--114
[] 
 []

[10 <./Utilization_L1_K4_M2_U3.png>]
Overfull \vbox (174.79521pt too high) has occurred while \output is active []


[11 <./ExpectedNumber_L10_K4_M4_U3.png> <./ExpectedTime_L10_K4_M4_U3.png>]
[12 <./BlockingProbability_L10_K4_M4_U3.png>]
<ExpectedNumber_L100_K30_M25_U3.png, id=70, 462.528pt x 346.896pt>
File: ExpectedNumber_L100_K30_M25_U3.png Graphic file (type png)

<use ExpectedNumber_L100_K30_M25_U3.png>
Package pdftex.def Info: ExpectedNumber_L100_K30_M25_U3.png used on input line 
116.
(pdftex.def)             Requested size: 462.52686pt x 346.89514pt.

<ExpectedTime_L100_K30_M25_U3.png, id=71, 462.528pt x 346.896pt>
File: ExpectedTime_L100_K30_M25_U3.png Graphic file (type png)

<use ExpectedTime_L100_K30_M25_U3.png>
Package pdftex.def Info: ExpectedTime_L100_K30_M25_U3.png used on input line 11
7.
(pdftex.def)             Requested size: 462.52686pt x 346.89514pt.

<BlockingProbability_L100_K30_M25_U3.png, id=72, 462.528pt x 346.896pt>
File: BlockingProbability_L100_K30_M25_U3.png Graphic file (type png)

<use BlockingProbability_L100_K30_M25_U3.png>
Package pdftex.def Info: BlockingProbability_L100_K30_M25_U3.png used on input 
line 118.
(pdftex.def)             Requested size: 462.52686pt x 346.89514pt.

<Utilization_L100_K30_M25_U3.png, id=73, 462.528pt x 346.896pt>
File: Utilization_L100_K30_M25_U3.png Graphic file (type png)

<use Utilization_L100_K30_M25_U3.png>
Package pdftex.def Info: Utilization_L100_K30_M25_U3.png used on input line 119
.
(pdftex.def)             Requested size: 462.52686pt x 346.89514pt.

Overfull \hbox (102.52686pt too wide) in paragraph at lines 116--120
[]
 []


Overfull \hbox (102.52686pt too wide) in paragraph at lines 116--120
[]
 []


Overfull \hbox (102.52686pt too wide) in paragraph at lines 116--120
[]
 []


Overfull \hbox (102.52686pt too wide) in paragraph at lines 116--120
[] 
 []

[13 <./Utilization_L10_K4_M4_U3.png>]
Overfull \vbox (174.79521pt too high) has occurred while \output is active []


[14 <./ExpectedNumber_L100_K30_M25_U3.png> <./ExpectedTime_L100_K30_M25_U3.png>
] [15 <./BlockingProbability_L100_K30_M25_U3.png>]
<ExpectedNumber_L100_K75_M25_U10.png, id=88, 462.528pt x 346.896pt>
File: ExpectedNumber_L100_K75_M25_U10.png Graphic file (type png)

<use ExpectedNumber_L100_K75_M25_U10.png>
Package pdftex.def Info: ExpectedNumber_L100_K75_M25_U10.png used on input line
 122.
(pdftex.def)             Requested size: 462.52686pt x 346.89514pt.

<ExpectedTime_L100_K75_M25_U10.png, id=89, 462.528pt x 346.896pt>
File: ExpectedTime_L100_K75_M25_U10.png Graphic file (type png)

<use ExpectedTime_L100_K75_M25_U10.png>
Package pdftex.def Info: ExpectedTime_L100_K75_M25_U10.png used on input line 1
23.
(pdftex.def)             Requested size: 462.52686pt x 346.89514pt.

<BlockingProbability_L100_K75_M25_U10.png, id=90, 462.528pt x 346.896pt>
File: BlockingProbability_L100_K75_M25_U10.png Graphic file (type png)

<use BlockingProbability_L100_K75_M25_U10.png>
Package pdftex.def Info: BlockingProbability_L100_K75_M25_U10.png used on input
 line 124.
(pdftex.def)             Requested size: 462.52686pt x 346.89514pt.

<Utilization_L100_K75_M25_U10.png, id=91, 462.528pt x 346.896pt>
File: Utilization_L100_K75_M25_U10.png Graphic file (type png)

<use Utilization_L100_K75_M25_U10.png>
Package pdftex.def Info: Utilization_L100_K75_M25_U10.png used on input line 12
5.
(pdftex.def)             Requested size: 462.52686pt x 346.89514pt.

Overfull \hbox (102.52686pt too wide) in paragraph at lines 122--126
[]
 []


Overfull \hbox (102.52686pt too wide) in paragraph at lines 122--126
[]
 []


Overfull \hbox (102.52686pt too wide) in paragraph at lines 122--126
[]
 []


Overfull \hbox (102.52686pt too wide) in paragraph at lines 122--126
[] 
 []

[16 <./Utilization_L100_K30_M25_U3.png>]
Overfull \vbox (174.79521pt too high) has occurred while \output is active []


[17 <./ExpectedNumber_L100_K75_M25_U10.png> <./ExpectedTime_L100_K75_M25_U10.pn
g>] [18 <./BlockingProbability_L100_K75_M25_U10.png>]
<ExpectedNumber_L1000_K4_M2_U3.png, id=105, 462.528pt x 346.896pt>
File: ExpectedNumber_L1000_K4_M2_U3.png Graphic file (type png)

<use ExpectedNumber_L1000_K4_M2_U3.png>
Package pdftex.def Info: ExpectedNumber_L1000_K4_M2_U3.png used on input line 1
28.
(pdftex.def)             Requested size: 462.52686pt x 346.89514pt.

<ExpectedTime_L1000_K4_M2_U3.png, id=106, 462.528pt x 346.896pt>
File: ExpectedTime_L1000_K4_M2_U3.png Graphic file (type png)

<use ExpectedTime_L1000_K4_M2_U3.png>
Package pdftex.def Info: ExpectedTime_L1000_K4_M2_U3.png used on input line 129
.
(pdftex.def)             Requested size: 462.52686pt x 346.89514pt.

<BlockingProbability_L1000_K4_M2_U3.png, id=107, 462.528pt x 346.896pt>
File: BlockingProbability_L1000_K4_M2_U3.png Graphic file (type png)

<use BlockingProbability_L1000_K4_M2_U3.png>
Package pdftex.def Info: BlockingProbability_L1000_K4_M2_U3.png used on input l
ine 130.
(pdftex.def)             Requested size: 462.52686pt x 346.89514pt.

<Utilization_L1000_K4_M2_U3.png, id=108, 462.528pt x 346.896pt>
File: Utilization_L1000_K4_M2_U3.png Graphic file (type png)

<use Utilization_L1000_K4_M2_U3.png>
Package pdftex.def Info: Utilization_L1000_K4_M2_U3.png used on input line 131.

(pdftex.def)             Requested size: 462.52686pt x 346.89514pt.

Overfull \hbox (102.52686pt too wide) in paragraph at lines 128--132
[]
 []


Overfull \hbox (102.52686pt too wide) in paragraph at lines 128--132
[]
 []


Overfull \hbox (102.52686pt too wide) in paragraph at lines 128--132
[]
 []


Overfull \hbox (102.52686pt too wide) in paragraph at lines 128--132
[] 
 []

[19 <./Utilization_L100_K75_M25_U10.png>]
Overfull \vbox (174.79521pt too high) has occurred while \output is active []


[20 <./ExpectedNumber_L1000_K4_M2_U3.png> <./ExpectedTime_L1000_K4_M2_U3.png>]
[21 <./BlockingProbability_L1000_K4_M2_U3.png>] [22 <./Utilization_L1000_K4_M2_
U3.png>] (./Project1_PCSN.aux) ) 
Here is how much of TeX's memory you used:
 1632 strings out of 493014
 26293 string characters out of 6133351
 81546 words of memory out of 5000000
 5154 multiletter control sequences out of 15000+600000
 8811 words of font info for 31 fonts, out of 8000000 for 9000
 1141 hyphenation exceptions out of 8191
 37i,6n,23p,575b,260s stack positions out of 5000i,500n,10000p,200000b,80000s
</usr/local/texlive/2016/texmf-dist/fonts/type1
/public/amsfonts/cm/cmbx10.pfb></usr/local/texlive/2016/texmf-dist/fonts/type1/
public/amsfonts/cm/cmbx12.pfb></usr/local/texlive/2016/texmf-dist/fonts/type1/p
ublic/amsfonts/cm/cmr10.pfb></usr/local/texlive/2016/texmf-dist/fonts/type1/pub
lic/amsfonts/cm/cmr12.pfb></usr/local/texlive/2016/texmf-dist/fonts/type1/publi
c/amsfonts/cm/cmr17.pfb></usr/local/texlive/2016/texmf-dist/fonts/type1/public/
amsfonts/cm/cmsy10.pfb>
Output written on Project1_PCSN.pdf (22 pages, 559794 bytes).
PDF statistics:
 148 PDF objects out of 1000 (max. 8388607)
 69 compressed objects within 1 object stream
 0 named destinations out of 1000 (max. 500000)
 121 words of extra memory for PDF output out of 10000 (max. 10000000)

